<?xml version="1.0" encoding="UTF-8"?>
<!-- Generated by org.testng.reporters.JUnitXMLReporter -->
<testsuite hostname="GGN000190162001" ignored="0" name="Assignment" tests="12" failures="0" timestamp="15 Oct 2019 03:57:45 GMT" time="48.197" errors="0">
  <testcase name="checkHeaderTabCount" time="0.246" classname="functionalTestCases.HomePageTests"/>
  <testcase name="testContentForJobs" time="0.037" classname="functionalTestCases.HomePageTests"/>
  <testcase name="testContentForJobs" time="0.334" classname="functionalTestCases.HomePageTests"/>
  <testcase name="testContentForJobs" time="0.292" classname="functionalTestCases.HomePageTests"/>
  <testcase name="testContentForJobs" time="0.049" classname="functionalTestCases.HomePageTests"/>
  <testcase name="testContentForJobs" time="0.04" classname="functionalTestCases.HomePageTests"/>
  <testcase name="testHeader" time="0.061" classname="functionalTestCases.HomePageTests"/>
  <testcase name="testHeader" time="0.061" classname="functionalTestCases.HomePageTests"/>
  <testcase name="testHeader" time="0.062" classname="functionalTestCases.HomePageTests"/>
  <testcase name="testHeader" time="0.03" classname="functionalTestCases.HomePageTests"/>
  <testcase name="testHeader" time="0.025" classname="functionalTestCases.HomePageTests"/>
  <testcase name="testLogoURL" time="0.056" classname="functionalTestCases.HomePageTests"/>
</testsuite> <!-- Assignment -->
