<?xml version="1.0" encoding="UTF-8"?>
<!-- Generated by org.testng.reporters.JUnitXMLReporter -->
<testsuite ignored="0" hostname="Karan-Pc" failures="0" tests="12" name="Default test" time="26.922" errors="0" timestamp="15 Oct 2019 04:36:59 GMT">
  <testcase classname="functionalTestCases.HomePageTests" name="checkHeaderTabCount" time="0.061"/>
  <testcase classname="functionalTestCases.HomePageTests" name="testContentForJobs" time="0.196"/>
  <testcase classname="functionalTestCases.HomePageTests" name="testContentForJobs" time="0.206"/>
  <testcase classname="functionalTestCases.HomePageTests" name="testContentForJobs" time="0.199"/>
  <testcase classname="functionalTestCases.HomePageTests" name="testContentForJobs" time="0.03"/>
  <testcase classname="functionalTestCases.HomePageTests" name="testContentForJobs" time="0.021"/>
  <testcase classname="functionalTestCases.HomePageTests" name="testHeader" time="0.032"/>
  <testcase classname="functionalTestCases.HomePageTests" name="testHeader" time="0.02"/>
  <testcase classname="functionalTestCases.HomePageTests" name="testHeader" time="0.021"/>
  <testcase classname="functionalTestCases.HomePageTests" name="testHeader" time="0.018"/>
  <testcase classname="functionalTestCases.HomePageTests" name="testHeader" time="0.021"/>
  <testcase classname="functionalTestCases.HomePageTests" name="testLogoURL" time="0.041"/>
</testsuite> <!-- Default test -->
