<?xml version="1.0" encoding="UTF-8"?>
<testng-results ignored="0" total="12" passed="12" failed="0" skipped="0">
  <reporter-output>
  </reporter-output>
  <suite started-at="2019-10-15T04:36:32Z" name="Default suite" finished-at="2019-10-15T04:36:59Z" duration-ms="26922">
    <groups>
    </groups>
    <test started-at="2019-10-15T04:36:32Z" name="Default test" finished-at="2019-10-15T04:36:59Z" duration-ms="26922">
      <class name="functionalTestCases.HomePageTests">
        <test-method is-config="true" signature="launchBrowser()[pri:0, instance:functionalTestCases.HomePageTests@3e3047e6]" started-at="2019-10-15T04:36:32Z" name="launchBrowser" finished-at="2019-10-15T04:36:49Z" duration-ms="16126" status="PASS">
          <reporter-output>
          </reporter-output>
        </test-method> <!-- launchBrowser -->
        <test-method signature="checkHeaderTabCount()[pri:0, instance:functionalTestCases.HomePageTests@3e3047e6]" started-at="2019-10-15T04:36:49Z" name="checkHeaderTabCount" finished-at="2019-10-15T04:36:49Z" duration-ms="61" status="PASS">
          <reporter-output>
          </reporter-output>
        </test-method> <!-- checkHeaderTabCount -->
        <test-method signature="testContentForJobs(java.lang.String)[pri:0, instance:functionalTestCases.HomePageTests@3e3047e6]" started-at="2019-10-15T04:36:49Z" name="testContentForJobs" data-provider="tabs" finished-at="2019-10-15T04:36:49Z" duration-ms="196" status="PASS">
          <params>
            <param index="0">
              <value>
                <![CDATA[JOBS]]>
              </value>
            </param>
          </params>
          <reporter-output>
          </reporter-output>
        </test-method> <!-- testContentForJobs -->
        <test-method signature="testContentForJobs(java.lang.String)[pri:0, instance:functionalTestCases.HomePageTests@3e3047e6]" started-at="2019-10-15T04:36:49Z" name="testContentForJobs" data-provider="tabs" finished-at="2019-10-15T04:36:49Z" duration-ms="206" status="PASS">
          <params>
            <param index="0">
              <value>
                <![CDATA[TEFL]]>
              </value>
            </param>
          </params>
          <reporter-output>
          </reporter-output>
        </test-method> <!-- testContentForJobs -->
        <test-method signature="testContentForJobs(java.lang.String)[pri:0, instance:functionalTestCases.HomePageTests@3e3047e6]" started-at="2019-10-15T04:36:49Z" name="testContentForJobs" data-provider="tabs" finished-at="2019-10-15T04:36:49Z" duration-ms="199" status="PASS">
          <params>
            <param index="0">
              <value>
                <![CDATA[TEACHER CERTIFICATION]]>
              </value>
            </param>
          </params>
          <reporter-output>
          </reporter-output>
        </test-method> <!-- testContentForJobs -->
        <test-method signature="testContentForJobs(java.lang.String)[pri:0, instance:functionalTestCases.HomePageTests@3e3047e6]" started-at="2019-10-15T04:36:49Z" name="testContentForJobs" data-provider="tabs" finished-at="2019-10-15T04:36:49Z" duration-ms="30" status="PASS">
          <params>
            <param index="0">
              <value>
                <![CDATA[COURSES]]>
              </value>
            </param>
          </params>
          <reporter-output>
          </reporter-output>
        </test-method> <!-- testContentForJobs -->
        <test-method signature="testContentForJobs(java.lang.String)[pri:0, instance:functionalTestCases.HomePageTests@3e3047e6]" started-at="2019-10-15T04:36:49Z" name="testContentForJobs" data-provider="tabs" finished-at="2019-10-15T04:36:49Z" duration-ms="21" status="PASS">
          <params>
            <param index="0">
              <value>
                <![CDATA[HIRE TEACHERS]]>
              </value>
            </param>
          </params>
          <reporter-output>
          </reporter-output>
        </test-method> <!-- testContentForJobs -->
        <test-method signature="testHeader(java.lang.String)[pri:0, instance:functionalTestCases.HomePageTests@3e3047e6]" started-at="2019-10-15T04:36:49Z" name="testHeader" data-provider="tabs" finished-at="2019-10-15T04:36:49Z" duration-ms="32" status="PASS">
          <params>
            <param index="0">
              <value>
                <![CDATA[JOBS]]>
              </value>
            </param>
          </params>
          <reporter-output>
          </reporter-output>
        </test-method> <!-- testHeader -->
        <test-method signature="testHeader(java.lang.String)[pri:0, instance:functionalTestCases.HomePageTests@3e3047e6]" started-at="2019-10-15T04:36:49Z" name="testHeader" data-provider="tabs" finished-at="2019-10-15T04:36:49Z" duration-ms="20" status="PASS">
          <params>
            <param index="0">
              <value>
                <![CDATA[TEFL]]>
              </value>
            </param>
          </params>
          <reporter-output>
          </reporter-output>
        </test-method> <!-- testHeader -->
        <test-method signature="testHeader(java.lang.String)[pri:0, instance:functionalTestCases.HomePageTests@3e3047e6]" started-at="2019-10-15T04:36:49Z" name="testHeader" data-provider="tabs" finished-at="2019-10-15T04:36:49Z" duration-ms="21" status="PASS">
          <params>
            <param index="0">
              <value>
                <![CDATA[TEACHER CERTIFICATION]]>
              </value>
            </param>
          </params>
          <reporter-output>
          </reporter-output>
        </test-method> <!-- testHeader -->
        <test-method signature="testHeader(java.lang.String)[pri:0, instance:functionalTestCases.HomePageTests@3e3047e6]" started-at="2019-10-15T04:36:49Z" name="testHeader" data-provider="tabs" finished-at="2019-10-15T04:36:49Z" duration-ms="18" status="PASS">
          <params>
            <param index="0">
              <value>
                <![CDATA[COURSES]]>
              </value>
            </param>
          </params>
          <reporter-output>
          </reporter-output>
        </test-method> <!-- testHeader -->
        <test-method signature="testHeader(java.lang.String)[pri:0, instance:functionalTestCases.HomePageTests@3e3047e6]" started-at="2019-10-15T04:36:49Z" name="testHeader" data-provider="tabs" finished-at="2019-10-15T04:36:49Z" duration-ms="21" status="PASS">
          <params>
            <param index="0">
              <value>
                <![CDATA[HIRE TEACHERS]]>
              </value>
            </param>
          </params>
          <reporter-output>
          </reporter-output>
        </test-method> <!-- testHeader -->
        <test-method signature="testLogoURL()[pri:0, instance:functionalTestCases.HomePageTests@3e3047e6]" started-at="2019-10-15T04:36:49Z" name="testLogoURL" finished-at="2019-10-15T04:36:49Z" duration-ms="41" status="PASS">
          <reporter-output>
          </reporter-output>
        </test-method> <!-- testLogoURL -->
        <test-method is-config="true" signature="closeBrowser()[pri:0, instance:functionalTestCases.HomePageTests@3e3047e6]" started-at="2019-10-15T04:36:49Z" name="closeBrowser" finished-at="2019-10-15T04:36:59Z" duration-ms="9862" status="PASS">
          <reporter-output>
          </reporter-output>
        </test-method> <!-- closeBrowser -->
      </class> <!-- functionalTestCases.HomePageTests -->
    </test> <!-- Default test -->
  </suite> <!-- Default suite -->
</testng-results>
